<?xml version="1.0" encoding="UTF-8"?>
<testng-results skipped="0" failed="0" ignored="0" total="1" passed="1">
  <reporter-output>
  </reporter-output>
  <suite name="Default suite" duration-ms="10866" started-at="2018-05-13T03:15:18Z" finished-at="2018-05-13T03:15:28Z">
    <groups>
    </groups>
    <test name="Default test" duration-ms="10866" started-at="2018-05-13T03:15:18Z" finished-at="2018-05-13T03:15:28Z">
      <class name="Test.Google">
        <test-method status="PASS" signature="testGoogle()[pri:0, instance:Test.Google@2a5ca609]" name="testGoogle" duration-ms="10808" started-at="2018-05-13T03:15:18Z" finished-at="2018-05-13T03:15:28Z">
          <reporter-output>
          </reporter-output>
        </test-method> <!-- testGoogle -->
      </class> <!-- Test.Google -->
    </test> <!-- Default test -->
  </suite> <!-- Default suite -->
</testng-results>
